0 info it worked if it ends with ok
1 verbose cli [ 'C:\\Program Files (x86)\\nodejs\\\\node.exe',
1 verbose cli   'C:\\Program Files (x86)\\nodejs\\node_modules\\npm\\bin\\npm-cli.js',
1 verbose cli   'install',
1 verbose cli   '-g',
1 verbose cli   'git://github.com/jsdoc3.jsdoc.git' ]
2 info using npm@1.2.0
3 info using node@v0.8.17
4 verbose node symlink C:\Program Files (x86)\nodejs\\node.exe
5 verbose read json C:\Users\Trinh\AppData\Roaming\npm\package.json
6 verbose read json C:\Users\Trinh\AppData\Roaming\npm\package.json
7 verbose cache add [ 'git://github.com/jsdoc3.jsdoc.git', null ]
8 silly cache add name=undefined spec="git://github.com/jsdoc3.jsdoc.git" args=["git://github.com/jsdoc3.jsdoc.git",null]
9 verbose parsed url { protocol: 'git:',
9 verbose parsed url   slashes: true,
9 verbose parsed url   host: 'github.com',
9 verbose parsed url   hostname: 'github.com',
9 verbose parsed url   href: 'git://github.com/jsdoc3.jsdoc.git',
9 verbose parsed url   pathname: '/jsdoc3.jsdoc.git',
9 verbose parsed url   path: '/jsdoc3.jsdoc.git' }
10 silly lockFile 942f1f35-git-github-com-jsdoc3-jsdoc-git git://github.com/jsdoc3.jsdoc.git
11 verbose lock git://github.com/jsdoc3.jsdoc.git C:\Users\Trinh\AppData\Roaming\npm-cache\942f1f35-git-github-com-jsdoc3-jsdoc-git.lock
12 verbose addRemoteGit [ 'git://github.com/jsdoc3.jsdoc.git', 'master' ]
13 silly exec git "clone" "git://github.com/jsdoc3.jsdoc.git" "C:\\Users\\Trinh\\AppData\\Local\\Temp\\npm-12500\\1361140200349-0.6485403995029628"
14 silly git,clone,git://github.com/jsdoc3.jsdoc.git,C:\Users\Trinh\AppData\Local\Temp\npm-12500\1361140200349-0.6485403995029628, spawning
15 error git clone git://github.com/jsdoc3.jsdoc.git Cloning into 'C:\Users\Trinh\AppData\Local\Temp\npm-12500\1361140200349-0.6485403995029628'...
15 error git clone git://github.com/jsdoc3.jsdoc.git
15 error git clone git://github.com/jsdoc3.jsdoc.git fatal: remote error:
15 error git clone git://github.com/jsdoc3.jsdoc.git   Repository not found.
16 silly lockFile 942f1f35-git-github-com-jsdoc3-jsdoc-git git://github.com/jsdoc3.jsdoc.git
17 error Error: `git "clone" "git://github.com/jsdoc3.jsdoc.git" "C:\\Users\\Trinh\\AppData\\Local\\Temp\\npm-12500\\1361140200349-0.6485403995029628"` failed with 128
17 error     at ChildProcess.<anonymous> (C:\Program Files (x86)\nodejs\node_modules\npm\lib\utils\exec.js:56:20)
17 error     at ChildProcess.EventEmitter.emit (events.js:99:17)
17 error     at Process._handle.onexit (child_process.js:678:10)
18 error If you need help, you may report this log at:
18 error     <http://github.com/isaacs/npm/issues>
18 error or email it to:
18 error     <npm-@googlegroups.com>
19 error System Windows_NT 6.1.7601
20 error command "C:\\Program Files (x86)\\nodejs\\\\node.exe" "C:\\Program Files (x86)\\nodejs\\node_modules\\npm\\bin\\npm-cli.js" "install" "-g" "git://github.com/jsdoc3.jsdoc.git"
21 error cwd C:\Users\Trinh\Documents\GitHub\pdfjs\build
22 error node -v v0.8.17
23 error npm -v 1.2.0
24 verbose exit [ 1, true ]
